生成启动时间为 2018/7/9 15:55:07。
     1>项目“G:\github\market\market\market\market.vcxproj”在节点 2 上(Build 个目标)。
     1>CustomBuild:
         Moc'ing market.h...
         Uic'ing market.ui...
         Moc'ing tab3.h...
         Moc'ing tab2.h...
         Moc'ing tab1.h...
         Moc'ing homepage.h...
         Moc'ing register.h...
         Moc'ing message.h...
         Moc'ing tipdialog.h...
         Rcc'ing market.qrc...
         Uic'ing tipdialog.ui...
         Uic'ing homepage.ui...
         Uic'ing tab1.ui...
         Uic'ing tab2.ui...
         Uic'ing tab3.ui...
         Uic'ing register.ui...
         Uic'ing message.ui...
       ClCompile:
         G:\vs2013\VC\bin\x86_amd64\CL.exe /c /I.\GeneratedFiles /I. /IG:\Laboratory\qt5\5.5\msvc2013_64\include /I.\GeneratedFiles\Debug /IG:\Laboratory\qt5\5.5\msvc2013_64\include\QtCore /IG:\Laboratory\qt5\5.5\msvc2013_64\include\QtGui /IG:\Laboratory\qt5\5.5\msvc2013_64\include\QtSql /IG:\Laboratory\qt5\5.5\msvc2013_64\include\QtWidgets /Zi /nologo /W1 /WX- /Od /D UNICODE /D WIN32 /D WIN64 /D QT_DLL /D QT_CORE_LIB /D QT_GUI_LIB /D QT_SQL_LIB /D QT_WIDGETS_LIB /Gm- /EHsc /MDd /GS /fp:precise /Zc:wchar_t /Zc:forScope /Fo"x64\Debug\\" /Fd"x64\Debug\vc120.pdb" /Gd /TP /errorReport:prompt GeneratedFiles\Debug\moc_homepage.cpp GeneratedFiles\Debug\moc_market.cpp GeneratedFiles\Debug\moc_message.cpp GeneratedFiles\Debug\moc_register.cpp GeneratedFiles\Debug\moc_tab1.cpp GeneratedFiles\Debug\moc_tab2.cpp GeneratedFiles\Debug\moc_tab3.cpp GeneratedFiles\Debug\moc_tipdialog.cpp getUUID.cpp homepage.cpp main.cpp market.cpp message.cpp Parameter.cpp register.cpp sqlOp.cpp tab1.cpp tab2.cpp tab3.cpp tipdialog.cpp
         moc_homepage.cpp
         moc_market.cpp
         moc_message.cpp
         moc_register.cpp
         moc_tab1.cpp
         moc_tab2.cpp
         moc_tab3.cpp
         moc_tipdialog.cpp
         getUUID.cpp
         homepage.cpp
         main.cpp
         market.cpp
         message.cpp
         Parameter.cpp
         register.cpp
         sqlOp.cpp
         tab1.cpp
         tab2.cpp
         tab3.cpp
         tipdialog.cpp
         正在生成代码...
     1>g:\github\market\market\market\tab2.cpp(84): warning C4715: “Tab2::isDigitStr”: 不是所有的控件路径都返回值
         G:\vs2013\VC\bin\x86_amd64\CL.exe /c /I.\GeneratedFiles /I. /IG:\Laboratory\qt5\5.5\msvc2013_64\include /I.\GeneratedFiles\Debug /IG:\Laboratory\qt5\5.5\msvc2013_64\include\QtCore /IG:\Laboratory\qt5\5.5\msvc2013_64\include\QtGui /IG:\Laboratory\qt5\5.5\msvc2013_64\include\QtSql /IG:\Laboratory\qt5\5.5\msvc2013_64\include\QtWidgets /Zi /nologo /W1 /WX- /Od /D UNICODE /D WIN32 /D WIN64 /D QT_DLL /D QT_CORE_LIB /D QT_GUI_LIB /D QT_SQL_LIB /D QT_WIDGETS_LIB /Gm- /EHsc /MDd /GS /fp:precise /Zc:wchar_t /Zc:forScope /Fo"x64\Debug\\" /Fd"x64\Debug\vc120.pdb" /Gd /TP /errorReport:prompt GeneratedFiles\qrc_market.cpp
         qrc_market.cpp
       Link:
         G:\vs2013\VC\bin\x86_amd64\link.exe /ERRORREPORT:PROMPT /OUT:"G:\github\market\market\x64\Debug\\market.exe" /NOLOGO /LIBPATH:G:\Laboratory\qt5\5.5\msvc2013_64\lib qtmaind.lib Qt5Cored.lib Qt5Guid.lib Qt5Sqld.lib Qt5Widgetsd.lib kernel32.lib user32.lib gdi32.lib winspool.lib comdlg32.lib advapi32.lib shell32.lib ole32.lib oleaut32.lib uuid.lib odbc32.lib odbccp32.lib /MANIFEST /MANIFESTUAC:"level='asInvoker' uiAccess='false'" /manifest:embed /DEBUG /PDB:"G:\github\market\market\x64\Debug\market.pdb" /SUBSYSTEM:WINDOWS /TLBID:1 /DYNAMICBASE /NXCOMPAT /IMPLIB:"G:\github\market\market\x64\Debug\market.lib" /MACHINE:X64 x64\Debug\moc_homepage.obj
         x64\Debug\moc_market.obj
         x64\Debug\moc_message.obj
         x64\Debug\moc_register.obj
         x64\Debug\moc_tab1.obj
         x64\Debug\moc_tab2.obj
         x64\Debug\moc_tab3.obj
         x64\Debug\moc_tipdialog.obj
         x64\Debug\qrc_market.obj
         x64\Debug\getUUID.obj
         x64\Debug\homepage.obj
         x64\Debug\main.obj
         x64\Debug\market.obj
         x64\Debug\message.obj
         x64\Debug\Parameter.obj
         x64\Debug\register.obj
         x64\Debug\sqlOp.obj
         x64\Debug\tab1.obj
         x64\Debug\tab2.obj
         x64\Debug\tab3.obj
         x64\Debug\tipdialog.obj
         market.vcxproj -> G:\github\market\market\x64\Debug\market.exe
     1>已完成生成项目“G:\github\market\market\market\market.vcxproj”(Build 个目标)的操作。

生成成功。

已用时间 00:00:31.80
